[ 2017-04-28T15:01:39+08:00 ] 127.0.0.1 /index.php?s=/Index/index.html
INFO: [ app_init ] --START--
INFO: Run Behavior\BuildLiteBehavior [ RunTime:0.000120s ]
SQL: SHOW COLUMNS FROM `onethink_hooks` [ RunTime:0.0166s ]
SQL: SELECT `name`,`addons` FROM `onethink_hooks`  [ RunTime:0.0006s ]
SQL: SHOW COLUMNS FROM `onethink_addons` [ RunTime:0.0132s ]
SQL: SELECT `id`,`name` FROM `onethink_addons` WHERE `status` = 1 AND `name` IN ('ReturnTop')  [ RunTime:0.0005s ]
SQL: SELECT `id`,`name` FROM `onethink_addons` WHERE `status` = 1 AND `name` IN ('Attachment')  [ RunTime:0.0005s ]
SQL: SELECT `id`,`name` FROM `onethink_addons` WHERE `status` = 1 AND `name` IN ('Attachment','SocialComment')  [ RunTime:0.0006s ]
SQL: SELECT `id`,`name` FROM `onethink_addons` WHERE `status` = 1 AND `name` IN ('Attachment')  [ RunTime:0.0006s ]
SQL: SELECT `id`,`name` FROM `onethink_addons` WHERE `status` = 1 AND `name` IN ('Editor')  [ RunTime:0.0007s ]
SQL: SELECT `id`,`name` FROM `onethink_addons` WHERE `status` = 1 AND `name` IN ('EditorForAdmin')  [ RunTime:0.0005s ]
SQL: SELECT `id`,`name` FROM `onethink_addons` WHERE `status` = 1 AND `name` IN ('SiteStat','SystemInfo','DevTeam')  [ RunTime:0.0005s ]
SQL: SELECT `id`,`name` FROM `onethink_addons` WHERE `status` = 1 AND `name` IN ('Editor')  [ RunTime:0.0005s ]
INFO: Run Common\Behavior\InitHookBehavior [ RunTime:0.089614s ]
INFO: [ app_init ] --END-- [ RunTime:0.091297s ]
INFO: [ app_begin ] --START--

[ 2017-04-28T15:01:40+08:00 ] 127.0.0.1 /Public/Home/css/jquery-1.11.2.min.js
INFO: [ app_init ] --START--
INFO: Run Behavior\BuildLiteBehavior [ RunTime:0.000128s ]
INFO: Run Common\Behavior\InitHookBehavior [ RunTime:0.003097s ]
INFO: [ app_init ] --END-- [ RunTime:0.004549s ]
INFO: [ app_begin ] --START--
INFO: Run Behavior\ReadHtmlCacheBehavior [ RunTime:0.001029s ]
INFO: [ app_begin ] --END-- [ RunTime:0.001708s ]
SQL: SHOW COLUMNS FROM `onethink_config` [ RunTime:0.0102s ]
SQL: SELECT `type`,`name`,`value` FROM `onethink_config` WHERE `status` = 1  [ RunTime:0.0007s ]

[ 2017-04-28T15:01:40+08:00 ] 127.0.0.1 /index.php?s=/Index/index.html
INFO: [ app_init ] --START--
INFO: Run Behavior\BuildLiteBehavior [ RunTime:0.000120s ]
INFO: Run Common\Behavior\InitHookBehavior [ RunTime:0.002708s ]
INFO: [ app_init ] --END-- [ RunTime:0.004030s ]
INFO: [ app_begin ] --START--

[ 2017-04-28T15:01:41+08:00 ] 127.0.0.1 /index.php?s=/index/re.html
INFO: [ app_init ] --START--
INFO: Run Behavior\BuildLiteBehavior [ RunTime:0.000109s ]
INFO: Run Common\Behavior\InitHookBehavior [ RunTime:0.002587s ]
INFO: [ app_init ] --END-- [ RunTime:0.004294s ]
INFO: [ app_begin ] --START--
INFO: Run Behavior\ReadHtmlCacheBehavior [ RunTime:0.001111s ]
INFO: [ app_begin ] --END-- [ RunTime:0.001847s ]
SQL: SHOW COLUMNS FROM `onethink_config` [ RunTime:0.0101s ]
SQL: SELECT `type`,`name`,`value` FROM `onethink_config` WHERE `status` = 1  [ RunTime:0.0006s ]
SQL: SHOW COLUMNS FROM `onethink_document` [ RunTime:0.0074s ]
SQL: SELECT * FROM `onethink_document` WHERE `category_id` = 44 AND `status` = 1  [ RunTime:0.0005s ]
INFO: [ view_parse ] --START--
INFO: [ template_filter ] --START--
INFO: Run Behavior\ContentReplaceBehavior [ RunTime:0.000326s ]
INFO: [ template_filter ] --END-- [ RunTime:0.000881s ]

[ 2017-04-28T15:02:42+08:00 ] 127.0.0.1 /index.php?s=/index/re.html
INFO: [ app_init ] --START--
INFO: Run Behavior\BuildLiteBehavior [ RunTime:0.000114s ]
INFO: Run Common\Behavior\InitHookBehavior [ RunTime:0.003285s ]
INFO: [ app_init ] --END-- [ RunTime:0.004699s ]
INFO: [ app_begin ] --START--
INFO: Run Behavior\ReadHtmlCacheBehavior [ RunTime:0.000848s ]
INFO: [ app_begin ] --END-- [ RunTime:0.001470s ]
SQL: SHOW COLUMNS FROM `onethink_config` [ RunTime:0.0108s ]
SQL: SELECT `type`,`name`,`value` FROM `onethink_config` WHERE `status` = 1  [ RunTime:0.0006s ]
SQL: SHOW COLUMNS FROM `onethink_document` [ RunTime:0.0082s ]
SQL: SELECT * FROM `onethink_document` WHERE `category_id` = 44 AND `status` = 1  [ RunTime:0.0007s ]
INFO: [ view_parse ] --START--
INFO: [ template_filter ] --START--
INFO: Run Behavior\ContentReplaceBehavior [ RunTime:0.000451s ]
INFO: [ template_filter ] --END-- [ RunTime:0.001138s ]

[ 2017-04-28T15:02:49+08:00 ] 127.0.0.1 /index.php?s=/index/re.html
INFO: [ app_init ] --START--
INFO: Run Behavior\BuildLiteBehavior [ RunTime:0.000114s ]
INFO: Run Common\Behavior\InitHookBehavior [ RunTime:0.003211s ]
INFO: [ app_init ] --END-- [ RunTime:0.004613s ]
INFO: [ app_begin ] --START--
INFO: Run Behavior\ReadHtmlCacheBehavior [ RunTime:0.000751s ]
INFO: [ app_begin ] --END-- [ RunTime:0.001343s ]
SQL: SHOW COLUMNS FROM `onethink_config` [ RunTime:0.0108s ]
SQL: SELECT `type`,`name`,`value` FROM `onethink_config` WHERE `status` = 1  [ RunTime:0.0006s ]
SQL: SHOW COLUMNS FROM `onethink_document` [ RunTime:0.0073s ]
SQL: SELECT * FROM `onethink_document` WHERE `category_id` = 44 AND `status` = 1  [ RunTime:0.0005s ]
INFO: [ view_parse ] --START--
INFO: [ template_filter ] --START--
INFO: Run Behavior\ContentReplaceBehavior [ RunTime:0.000340s ]
INFO: [ template_filter ] --END-- [ RunTime:0.000975s ]
SQL: SHOW COLUMNS FROM `onethink_picture` [ RunTime:0.0107s ]
SQL: SELECT * FROM `onethink_picture` WHERE `status` = 1 AND `id` = 4 LIMIT 1   [ RunTime:0.0006s ]
INFO: Run Behavior\ParseTemplateBehavior [ RunTime:0.057129s ]
INFO: [ view_parse ] --END-- [ RunTime:0.057789s ]
INFO: [ view_filter ] --START--
INFO: Run Behavior\WriteHtmlCacheBehavior [ RunTime:0.000610s ]
INFO: [ view_filter ] --END-- [ RunTime:0.001181s ]
INFO: [ app_end ] --START--
INFO: Run Behavior\ShowPageTraceBehavior [ RunTime:0.001109s ]
INFO: [ app_end ] --END-- [ RunTime:0.001782s ]

[ 2017-04-28T15:02:50+08:00 ] 127.0.0.1 /Public/Home/css/jquery-1.11.2.min.js
INFO: [ app_init ] --START--
INFO: Run Behavior\BuildLiteBehavior [ RunTime:0.000142s ]
INFO: Run Common\Behavior\InitHookBehavior [ RunTime:0.003884s ]
INFO: [ app_init ] --END-- [ RunTime:0.005585s ]
INFO: [ app_begin ] --START--
INFO: Run Behavior\ReadHtmlCacheBehavior [ RunTime:0.001152s ]
INFO: [ app_begin ] --END-- [ RunTime:0.001890s ]
SQL: SHOW COLUMNS FROM `onethink_config` [ RunTime:0.0251s ]
SQL: SELECT `type`,`name`,`value` FROM `onethink_config` WHERE `status` = 1  [ RunTime:0.0005s ]

[ 2017-04-28T15:02:50+08:00 ] 127.0.0.1 /index.php?s=/Index/index.html
INFO: [ app_init ] --START--
INFO: Run Behavior\BuildLiteBehavior [ RunTime:0.000122s ]
INFO: Run Common\Behavior\InitHookBehavior [ RunTime:0.002631s ]
INFO: [ app_init ] --END-- [ RunTime:0.003942s ]
INFO: [ app_begin ] --START--

[ 2017-04-28T15:03:17+08:00 ] 127.0.0.1 /index.php?s=/index/re.html
INFO: [ app_init ] --START--
INFO: Run Behavior\BuildLiteBehavior [ RunTime:0.000145s ]
INFO: Run Common\Behavior\InitHookBehavior [ RunTime:0.002869s ]
INFO: [ app_init ] --END-- [ RunTime:0.004509s ]
INFO: [ app_begin ] --START--
INFO: Run Behavior\ReadHtmlCacheBehavior [ RunTime:0.000812s ]
INFO: [ app_begin ] --END-- [ RunTime:0.001396s ]
SQL: SHOW COLUMNS FROM `onethink_config` [ RunTime:0.0072s ]
SQL: SELECT `type`,`name`,`value` FROM `onethink_config` WHERE `status` = 1  [ RunTime:0.0006s ]
SQL: SHOW COLUMNS FROM `onethink_document` [ RunTime:0.0054s ]
SQL: SELECT * FROM `onethink_document` WHERE `category_id` = 44 AND `status` = 1  [ RunTime:0.0005s ]
INFO: [ view_parse ] --START--
INFO: [ template_filter ] --START--
INFO: Run Behavior\ContentReplaceBehavior [ RunTime:0.000335s ]
INFO: [ template_filter ] --END-- [ RunTime:0.000981s ]
INFO: Run Behavior\ParseTemplateBehavior [ RunTime:0.025975s ]
INFO: [ view_parse ] --END-- [ RunTime:0.026640s ]
INFO: [ view_filter ] --START--
INFO: Run Behavior\WriteHtmlCacheBehavior [ RunTime:0.000589s ]
INFO: [ view_filter ] --END-- [ RunTime:0.001197s ]
INFO: [ app_end ] --START--
INFO: Run Behavior\ShowPageTraceBehavior [ RunTime:0.001031s ]
INFO: [ app_end ] --END-- [ RunTime:0.001647s ]

[ 2017-04-28T15:03:18+08:00 ] 127.0.0.1 /Public/Home/css/jquery-1.11.2.min.js
INFO: [ app_init ] --START--
INFO: Run Behavior\BuildLiteBehavior [ RunTime:0.000127s ]
INFO: Run Common\Behavior\InitHookBehavior [ RunTime:0.004162s ]
INFO: [ app_init ] --END-- [ RunTime:0.005701s ]
INFO: [ app_begin ] --START--
INFO: Run Behavior\ReadHtmlCacheBehavior [ RunTime:0.001196s ]
INFO: [ app_begin ] --END-- [ RunTime:0.001948s ]
SQL: SHOW COLUMNS FROM `onethink_config` [ RunTime:0.0099s ]
SQL: SELECT `type`,`name`,`value` FROM `onethink_config` WHERE `status` = 1  [ RunTime:0.0010s ]

[ 2017-04-28T15:03:18+08:00 ] 127.0.0.1 /index.php?s=/Index/index.html
INFO: [ app_init ] --START--
INFO: Run Behavior\BuildLiteBehavior [ RunTime:0.000113s ]
INFO: Run Common\Behavior\InitHookBehavior [ RunTime:0.002806s ]
INFO: [ app_init ] --END-- [ RunTime:0.004178s ]
INFO: [ app_begin ] --START--

[ 2017-04-28T15:03:28+08:00 ] 127.0.0.1 /index.php?s=/index/re.html
INFO: [ app_init ] --START--
INFO: Run Behavior\BuildLiteBehavior [ RunTime:0.000109s ]
INFO: Run Common\Behavior\InitHookBehavior [ RunTime:0.002996s ]
INFO: [ app_init ] --END-- [ RunTime:0.004268s ]
INFO: [ app_begin ] --START--
INFO: Run Behavior\ReadHtmlCacheBehavior [ RunTime:0.000946s ]
INFO: [ app_begin ] --END-- [ RunTime:0.001522s ]
SQL: SHOW COLUMNS FROM `onethink_config` [ RunTime:0.0094s ]
SQL: SELECT `type`,`name`,`value` FROM `onethink_config` WHERE `status` = 1  [ RunTime:0.0008s ]
SQL: SHOW COLUMNS FROM `onethink_document` [ RunTime:0.0072s ]
SQL: SELECT * FROM `onethink_document` WHERE `category_id` = 44 AND `status` = 1  [ RunTime:0.0005s ]
INFO: [ view_parse ] --START--
INFO: [ template_filter ] --START--
INFO: Run Behavior\ContentReplaceBehavior [ RunTime:0.000477s ]
INFO: [ template_filter ] --END-- [ RunTime:0.001222s ]
SQL: SHOW COLUMNS FROM `onethink_picture` [ RunTime:0.0076s ]
SQL: SELECT * FROM `onethink_picture` WHERE `status` = 1 AND `id` = 4 LIMIT 1   [ RunTime:0.0004s ]
INFO: Run Behavior\ParseTemplateBehavior [ RunTime:0.057148s ]
INFO: [ view_parse ] --END-- [ RunTime:0.057842s ]
INFO: [ view_filter ] --START--
INFO: Run Behavior\WriteHtmlCacheBehavior [ RunTime:0.000654s ]
INFO: [ view_filter ] --END-- [ RunTime:0.001214s ]
INFO: [ app_end ] --START--
INFO: Run Behavior\ShowPageTraceBehavior [ RunTime:0.000855s ]
INFO: [ app_end ] --END-- [ RunTime:0.001429s ]

[ 2017-04-28T15:03:28+08:00 ] 127.0.0.1 /Public/Home/css/jquery-1.11.2.min.js
INFO: [ app_init ] --START--
INFO: Run Behavior\BuildLiteBehavior [ RunTime:0.000123s ]
INFO: Run Common\Behavior\InitHookBehavior [ RunTime:0.004246s ]
INFO: [ app_init ] --END-- [ RunTime:0.005667s ]
INFO: [ app_begin ] --START--
INFO: Run Behavior\ReadHtmlCacheBehavior [ RunTime:0.001656s ]
INFO: [ app_begin ] --END-- [ RunTime:0.002335s ]
SQL: SHOW COLUMNS FROM `onethink_config` [ RunTime:0.0045s ]
SQL: SELECT `type`,`name`,`value` FROM `onethink_config` WHERE `status` = 1  [ RunTime:0.0009s ]

[ 2017-04-28T15:03:28+08:00 ] 127.0.0.1 /index.php?s=/Index/index.html
INFO: [ app_init ] --START--
INFO: Run Behavior\BuildLiteBehavior [ RunTime:0.000124s ]
INFO: Run Common\Behavior\InitHookBehavior [ RunTime:0.003408s ]
INFO: [ app_init ] --END-- [ RunTime:0.004892s ]
INFO: [ app_begin ] --START--

[ 2017-04-28T15:05:36+08:00 ] 127.0.0.1 /index.php?s=/index/re.html
INFO: [ app_init ] --START--
INFO: Run Behavior\BuildLiteBehavior [ RunTime:0.000128s ]
INFO: Run Common\Behavior\InitHookBehavior [ RunTime:0.003040s ]
INFO: [ app_init ] --END-- [ RunTime:0.004610s ]
INFO: [ app_begin ] --START--
INFO: Run Behavior\ReadHtmlCacheBehavior [ RunTime:0.000941s ]
INFO: [ app_begin ] --END-- [ RunTime:0.001561s ]
SQL: SHOW COLUMNS FROM `onethink_config` [ RunTime:0.0101s ]
SQL: SELECT `type`,`name`,`value` FROM `onethink_config` WHERE `status` = 1  [ RunTime:0.0007s ]
SQL: SHOW COLUMNS FROM `onethink_document` [ RunTime:0.0090s ]
SQL: SELECT * FROM `onethink_document` WHERE `category_id` = 44 AND `status` = 1  [ RunTime:0.0004s ]
INFO: [ view_parse ] --START--
INFO: [ template_filter ] --START--
INFO: Run Behavior\ContentReplaceBehavior [ RunTime:0.000338s ]
INFO: [ template_filter ] --END-- [ RunTime:0.000974s ]
SQL: SHOW COLUMNS FROM `onethink_picture` [ RunTime:0.0083s ]
SQL: SELECT * FROM `onethink_picture` WHERE `status` = 1 AND `id` = 4 LIMIT 1   [ RunTime:0.0005s ]
INFO: Run Behavior\ParseTemplateBehavior [ RunTime:0.056080s ]
INFO: [ view_parse ] --END-- [ RunTime:0.056662s ]
INFO: [ view_filter ] --START--
INFO: Run Behavior\WriteHtmlCacheBehavior [ RunTime:0.000636s ]
INFO: [ view_filter ] --END-- [ RunTime:0.001220s ]
INFO: [ app_end ] --START--
INFO: Run Behavior\ShowPageTraceBehavior [ RunTime:0.000781s ]
INFO: [ app_end ] --END-- [ RunTime:0.001376s ]

[ 2017-04-28T15:05:37+08:00 ] 127.0.0.1 /Public/Home/css/jquery-1.11.2.min.js
INFO: [ app_init ] --START--
INFO: Run Behavior\BuildLiteBehavior [ RunTime:0.000132s ]
INFO: Run Common\Behavior\InitHookBehavior [ RunTime:0.003263s ]
INFO: [ app_init ] --END-- [ RunTime:0.004847s ]
INFO: [ app_begin ] --START--
INFO: Run Behavior\ReadHtmlCacheBehavior [ RunTime:0.000912s ]
INFO: [ app_begin ] --END-- [ RunTime:0.001553s ]
SQL: SHOW COLUMNS FROM `onethink_config` [ RunTime:0.0165s ]
SQL: SELECT `type`,`name`,`value` FROM `onethink_config` WHERE `status` = 1  [ RunTime:0.0008s ]

[ 2017-04-28T15:05:37+08:00 ] 127.0.0.1 /index.php?s=/Index/index.html
INFO: [ app_init ] --START--
INFO: Run Behavior\BuildLiteBehavior [ RunTime:0.000122s ]
INFO: Run Common\Behavior\InitHookBehavior [ RunTime:0.002706s ]
INFO: [ app_init ] --END-- [ RunTime:0.004086s ]
INFO: [ app_begin ] --START--

[ 2017-04-28T15:05:44+08:00 ] 127.0.0.1 /index.php?s=/index/re.html
INFO: [ app_init ] --START--
INFO: Run Behavior\BuildLiteBehavior [ RunTime:0.000111s ]
INFO: Run Common\Behavior\InitHookBehavior [ RunTime:0.004026s ]
INFO: [ app_init ] --END-- [ RunTime:0.005520s ]
INFO: [ app_begin ] --START--
INFO: Run Behavior\ReadHtmlCacheBehavior [ RunTime:0.000888s ]
INFO: [ app_begin ] --END-- [ RunTime:0.001458s ]
SQL: SHOW COLUMNS FROM `onethink_config` [ RunTime:0.0097s ]
SQL: SELECT `type`,`name`,`value` FROM `onethink_config` WHERE `status` = 1  [ RunTime:0.0005s ]
SQL: SHOW COLUMNS FROM `onethink_document` [ RunTime:0.0070s ]
SQL: SELECT * FROM `onethink_document` WHERE `category_id` = 44 AND `status` = 1  [ RunTime:0.0005s ]
INFO: [ view_parse ] --START--
INFO: [ template_filter ] --START--
INFO: Run Behavior\ContentReplaceBehavior [ RunTime:0.000340s ]
INFO: [ template_filter ] --END-- [ RunTime:0.000929s ]
SQL: SHOW COLUMNS FROM `onethink_picture` [ RunTime:0.0073s ]
SQL: SELECT * FROM `onethink_picture` WHERE `status` = 1 AND `id` = 4 LIMIT 1   [ RunTime:0.0005s ]
INFO: Run Behavior\ParseTemplateBehavior [ RunTime:0.055027s ]
INFO: [ view_parse ] --END-- [ RunTime:0.055621s ]
INFO: [ view_filter ] --START--
INFO: Run Behavior\WriteHtmlCacheBehavior [ RunTime:0.000588s ]
INFO: [ view_filter ] --END-- [ RunTime:0.001414s ]
INFO: [ app_end ] --START--
INFO: Run Behavior\ShowPageTraceBehavior [ RunTime:0.000876s ]
INFO: [ app_end ] --END-- [ RunTime:0.001490s ]

[ 2017-04-28T15:05:44+08:00 ] 127.0.0.1 /Public/Home/css/jquery-1.11.2.min.js
INFO: [ app_init ] --START--
INFO: Run Behavior\BuildLiteBehavior [ RunTime:0.000114s ]
INFO: Run Common\Behavior\InitHookBehavior [ RunTime:0.005930s ]
INFO: [ app_init ] --END-- [ RunTime:0.007437s ]
INFO: [ app_begin ] --START--
INFO: Run Behavior\ReadHtmlCacheBehavior [ RunTime:0.001178s ]
INFO: [ app_begin ] --END-- [ RunTime:0.002059s ]
SQL: SHOW COLUMNS FROM `onethink_config` [ RunTime:0.0061s ]
SQL: SELECT `type`,`name`,`value` FROM `onethink_config` WHERE `status` = 1  [ RunTime:0.0006s ]

[ 2017-04-28T15:05:44+08:00 ] 127.0.0.1 /index.php?s=/Index/index.html
INFO: [ app_init ] --START--
INFO: Run Behavior\BuildLiteBehavior [ RunTime:0.000138s ]
INFO: Run Common\Behavior\InitHookBehavior [ RunTime:0.002913s ]
INFO: [ app_init ] --END-- [ RunTime:0.004505s ]
INFO: [ app_begin ] --START--

[ 2017-04-28T15:05:50+08:00 ] 127.0.0.1 /index.php?s=/index/re.html
INFO: [ app_init ] --START--
INFO: Run Behavior\BuildLiteBehavior [ RunTime:0.000136s ]
INFO: Run Common\Behavior\InitHookBehavior [ RunTime:0.003129s ]
INFO: [ app_init ] --END-- [ RunTime:0.004643s ]
INFO: [ app_begin ] --START--
INFO: Run Behavior\ReadHtmlCacheBehavior [ RunTime:0.000829s ]
INFO: [ app_begin ] --END-- [ RunTime:0.001411s ]
SQL: SHOW COLUMNS FROM `onethink_config` [ RunTime:0.0092s ]
SQL: SELECT `type`,`name`,`value` FROM `onethink_config` WHERE `status` = 1  [ RunTime:0.0006s ]
SQL: SHOW COLUMNS FROM `onethink_document` [ RunTime:0.0071s ]
SQL: SELECT * FROM `onethink_document` WHERE `category_id` = 44 AND `status` = 1  [ RunTime:0.0005s ]
INFO: [ view_parse ] --START--
INFO: [ template_filter ] --START--
INFO: Run Behavior\ContentReplaceBehavior [ RunTime:0.000345s ]
INFO: [ template_filter ] --END-- [ RunTime:0.000928s ]
INFO: Run Behavior\ParseTemplateBehavior [ RunTime:0.025105s ]
INFO: [ view_parse ] --END-- [ RunTime:0.025804s ]
INFO: [ view_filter ] --START--
INFO: Run Behavior\WriteHtmlCacheBehavior [ RunTime:0.000542s ]
INFO: [ view_filter ] --END-- [ RunTime:0.001138s ]
INFO: [ app_end ] --START--
INFO: Run Behavior\ShowPageTraceBehavior [ RunTime:0.000808s ]
INFO: [ app_end ] --END-- [ RunTime:0.001433s ]

[ 2017-04-28T15:05:50+08:00 ] 127.0.0.1 /Public/Home/css/jquery-1.11.2.min.js
INFO: [ app_init ] --START--
INFO: Run Behavior\BuildLiteBehavior [ RunTime:0.000163s ]
INFO: Run Common\Behavior\InitHookBehavior [ RunTime:0.003513s ]
INFO: [ app_init ] --END-- [ RunTime:0.005097s ]
INFO: [ app_begin ] --START--
INFO: Run Behavior\ReadHtmlCacheBehavior [ RunTime:0.001104s ]
INFO: [ app_begin ] --END-- [ RunTime:0.001760s ]
SQL: SHOW COLUMNS FROM `onethink_config` [ RunTime:0.0108s ]
SQL: SELECT `type`,`name`,`value` FROM `onethink_config` WHERE `status` = 1  [ RunTime:0.0006s ]

[ 2017-04-28T15:05:50+08:00 ] 127.0.0.1 /index.php?s=/Index/index.html
INFO: [ app_init ] --START--
INFO: Run Behavior\BuildLiteBehavior [ RunTime:0.000123s ]
INFO: Run Common\Behavior\InitHookBehavior [ RunTime:0.002852s ]
INFO: [ app_init ] --END-- [ RunTime:0.004272s ]
INFO: [ app_begin ] --START--

[ 2017-04-28T15:06:56+08:00 ] 127.0.0.1 /index.php?s=/index/notice.html
INFO: [ app_init ] --START--
INFO: Run Behavior\BuildLiteBehavior [ RunTime:0.000211s ]
INFO: Run Common\Behavior\InitHookBehavior [ RunTime:0.002816s ]
INFO: [ app_init ] --END-- [ RunTime:0.004365s ]
INFO: [ app_begin ] --START--
INFO: Run Behavior\ReadHtmlCacheBehavior [ RunTime:0.001213s ]
INFO: [ app_begin ] --END-- [ RunTime:0.001830s ]
SQL: SHOW COLUMNS FROM `onethink_config` [ RunTime:0.0133s ]
SQL: SELECT `type`,`name`,`value` FROM `onethink_config` WHERE `status` = 1  [ RunTime:0.0005s ]
SQL: SHOW COLUMNS FROM `onethink_document` [ RunTime:0.0079s ]
SQL: SELECT * FROM `onethink_document` WHERE `category_id` = 40 AND `status` = 1  [ RunTime:0.0005s ]
INFO: [ view_parse ] --START--
INFO: [ template_filter ] --START--
INFO: Run Behavior\ContentReplaceBehavior [ RunTime:0.000327s ]
INFO: [ template_filter ] --END-- [ RunTime:0.001073s ]
SQL: SHOW COLUMNS FROM `onethink_picture` [ RunTime:0.0070s ]
SQL: SELECT * FROM `onethink_picture` WHERE `status` = 1 AND `id` = 2 LIMIT 1   [ RunTime:0.0006s ]
INFO: Run Behavior\ParseTemplateBehavior [ RunTime:0.040204s ]
INFO: [ view_parse ] --END-- [ RunTime:0.041055s ]
INFO: [ view_filter ] --START--
INFO: Run Behavior\WriteHtmlCacheBehavior [ RunTime:0.000563s ]
INFO: [ view_filter ] --END-- [ RunTime:0.001162s ]
INFO: [ app_end ] --START--
INFO: Run Behavior\ShowPageTraceBehavior [ RunTime:0.000684s ]
INFO: [ app_end ] --END-- [ RunTime:0.001222s ]

[ 2017-04-28T15:06:56+08:00 ] 127.0.0.1 /Public/Home/css/jquery-1.11.2.min.js
INFO: [ app_init ] --START--
INFO: Run Behavior\BuildLiteBehavior [ RunTime:0.000152s ]
INFO: Run Common\Behavior\InitHookBehavior [ RunTime:0.003179s ]
INFO: [ app_init ] --END-- [ RunTime:0.004714s ]
INFO: [ app_begin ] --START--
INFO: Run Behavior\ReadHtmlCacheBehavior [ RunTime:0.001113s ]
INFO: [ app_begin ] --END-- [ RunTime:0.001971s ]
SQL: SHOW COLUMNS FROM `onethink_config` [ RunTime:0.0052s ]
SQL: SELECT `type`,`name`,`value` FROM `onethink_config` WHERE `status` = 1  [ RunTime:0.0007s ]

[ 2017-04-28T15:06:56+08:00 ] 127.0.0.1 /index.php?s=/Index/index.html
INFO: [ app_init ] --START--
INFO: Run Behavior\BuildLiteBehavior [ RunTime:0.000170s ]
INFO: Run Common\Behavior\InitHookBehavior [ RunTime:0.002890s ]
INFO: [ app_init ] --END-- [ RunTime:0.004374s ]
INFO: [ app_begin ] --START--

[ 2017-04-28T15:07:08+08:00 ] 127.0.0.1 /index.php?s=/index/notice.html
INFO: [ app_init ] --START--
INFO: Run Behavior\BuildLiteBehavior [ RunTime:0.000138s ]
INFO: Run Common\Behavior\InitHookBehavior [ RunTime:0.003246s ]
INFO: [ app_init ] --END-- [ RunTime:0.004689s ]
INFO: [ app_begin ] --START--
INFO: Run Behavior\ReadHtmlCacheBehavior [ RunTime:0.000995s ]
INFO: [ app_begin ] --END-- [ RunTime:0.001676s ]
SQL: SHOW COLUMNS FROM `onethink_config` [ RunTime:0.0110s ]
SQL: SELECT `type`,`name`,`value` FROM `onethink_config` WHERE `status` = 1  [ RunTime:0.0005s ]
SQL: SHOW COLUMNS FROM `onethink_document` [ RunTime:0.0060s ]
SQL: SELECT * FROM `onethink_document` WHERE `category_id` = 40 AND `status` = 1  [ RunTime:0.0005s ]
INFO: [ view_parse ] --START--
INFO: [ template_filter ] --START--
INFO: Run Behavior\ContentReplaceBehavior [ RunTime:0.000352s ]
INFO: [ template_filter ] --END-- [ RunTime:0.001061s ]
INFO: Run Behavior\ParseTemplateBehavior [ RunTime:0.028023s ]
INFO: [ view_parse ] --END-- [ RunTime:0.028653s ]
INFO: [ view_filter ] --START--
INFO: Run Behavior\WriteHtmlCacheBehavior [ RunTime:0.000497s ]
INFO: [ view_filter ] --END-- [ RunTime:0.001123s ]
INFO: [ app_end ] --START--
INFO: Run Behavior\ShowPageTraceBehavior [ RunTime:0.000734s ]
INFO: [ app_end ] --END-- [ RunTime:0.001385s ]

[ 2017-04-28T15:07:08+08:00 ] 127.0.0.1 /Public/Home/css/jquery-1.11.2.min.js
INFO: [ app_init ] --START--
INFO: Run Behavior\BuildLiteBehavior [ RunTime:0.000153s ]
INFO: Run Common\Behavior\InitHookBehavior [ RunTime:0.002809s ]
INFO: [ app_init ] --END-- [ RunTime:0.004242s ]
INFO: [ app_begin ] --START--
INFO: Run Behavior\ReadHtmlCacheBehavior [ RunTime:0.001115s ]
INFO: [ app_begin ] --END-- [ RunTime:0.001777s ]
SQL: SHOW COLUMNS FROM `onethink_config` [ RunTime:0.0063s ]
SQL: SELECT `type`,`name`,`value` FROM `onethink_config` WHERE `status` = 1  [ RunTime:0.0005s ]

[ 2017-04-28T15:07:08+08:00 ] 127.0.0.1 /index.php?s=/Index/index.html
INFO: [ app_init ] --START--
INFO: Run Behavior\BuildLiteBehavior [ RunTime:0.000110s ]
INFO: Run Common\Behavior\InitHookBehavior [ RunTime:0.004312s ]
INFO: [ app_init ] --END-- [ RunTime:0.005797s ]
INFO: [ app_begin ] --START--

[ 2017-04-28T15:07:12+08:00 ] 127.0.0.1 /index.php?s=/index/activity.html
INFO: [ app_init ] --START--
INFO: Run Behavior\BuildLiteBehavior [ RunTime:0.000110s ]
INFO: Run Common\Behavior\InitHookBehavior [ RunTime:0.004020s ]
INFO: [ app_init ] --END-- [ RunTime:0.005485s ]
INFO: [ app_begin ] --START--
INFO: Run Behavior\ReadHtmlCacheBehavior [ RunTime:0.000823s ]
INFO: [ app_begin ] --END-- [ RunTime:0.001440s ]
SQL: SHOW COLUMNS FROM `onethink_config` [ RunTime:0.0108s ]
SQL: SELECT `type`,`name`,`value` FROM `onethink_config` WHERE `status` = 1  [ RunTime:0.0007s ]
SQL: SHOW COLUMNS FROM `onethink_document` [ RunTime:0.0076s ]
SQL: SELECT * FROM `onethink_document` WHERE `category_id` = 42 AND `status` = 1  [ RunTime:0.0005s ]
INFO: [ view_parse ] --START--
INFO: [ template_filter ] --START--
INFO: Run Behavior\ContentReplaceBehavior [ RunTime:0.000362s ]
INFO: [ template_filter ] --END-- [ RunTime:0.001040s ]
SQL: SHOW COLUMNS FROM `onethink_picture` [ RunTime:0.0087s ]
SQL: SELECT * FROM `onethink_picture` WHERE `status` = 1 AND `id` = 3 LIMIT 1   [ RunTime:0.0004s ]
INFO: Run Behavior\ParseTemplateBehavior [ RunTime:0.040971s ]
INFO: [ view_parse ] --END-- [ RunTime:0.041616s ]
INFO: [ view_filter ] --START--
INFO: Run Behavior\WriteHtmlCacheBehavior [ RunTime:0.000777s ]
INFO: [ view_filter ] --END-- [ RunTime:0.001479s ]
INFO: [ app_end ] --START--
INFO: Run Behavior\ShowPageTraceBehavior [ RunTime:0.000775s ]
INFO: [ app_end ] --END-- [ RunTime:0.001451s ]

[ 2017-04-28T15:07:12+08:00 ] 127.0.0.1 /Public/Home/css/jquery-1.11.2.min.js
INFO: [ app_init ] --START--
INFO: Run Behavior\BuildLiteBehavior [ RunTime:0.000141s ]
INFO: Run Common\Behavior\InitHookBehavior [ RunTime:0.003369s ]
INFO: [ app_init ] --END-- [ RunTime:0.004845s ]
INFO: [ app_begin ] --START--
INFO: Run Behavior\ReadHtmlCacheBehavior [ RunTime:0.000932s ]
INFO: [ app_begin ] --END-- [ RunTime:0.001573s ]
SQL: SHOW COLUMNS FROM `onethink_config` [ RunTime:0.0134s ]
SQL: SELECT `type`,`name`,`value` FROM `onethink_config` WHERE `status` = 1  [ RunTime:0.0004s ]

[ 2017-04-28T15:07:12+08:00 ] 127.0.0.1 /index.php?s=/Index/index.html
INFO: [ app_init ] --START--
INFO: Run Behavior\BuildLiteBehavior [ RunTime:0.000122s ]
INFO: Run Common\Behavior\InitHookBehavior [ RunTime:0.003501s ]
INFO: [ app_init ] --END-- [ RunTime:0.005007s ]
INFO: [ app_begin ] --START--

[ 2017-04-28T15:07:22+08:00 ] 127.0.0.1 /index.php?s=/index/activity.html
INFO: [ app_init ] --START--
INFO: Run Behavior\BuildLiteBehavior [ RunTime:0.000135s ]
INFO: Run Common\Behavior\InitHookBehavior [ RunTime:0.002736s ]
INFO: [ app_init ] --END-- [ RunTime:0.004108s ]
INFO: [ app_begin ] --START--
INFO: Run Behavior\ReadHtmlCacheBehavior [ RunTime:0.000781s ]
INFO: [ app_begin ] --END-- [ RunTime:0.001346s ]
SQL: SHOW COLUMNS FROM `onethink_config` [ RunTime:0.0124s ]
SQL: SELECT `type`,`name`,`value` FROM `onethink_config` WHERE `status` = 1  [ RunTime:0.0005s ]
SQL: SHOW COLUMNS FROM `onethink_document` [ RunTime:0.0085s ]
SQL: SELECT * FROM `onethink_document` WHERE `category_id` = 42 AND `status` = 1  [ RunTime:0.0005s ]
INFO: [ view_parse ] --START--
INFO: [ template_filter ] --START--
INFO: Run Behavior\ContentReplaceBehavior [ RunTime:0.000413s ]
INFO: [ template_filter ] --END-- [ RunTime:0.001154s ]
INFO: Run Behavior\ParseTemplateBehavior [ RunTime:0.028441s ]
INFO: [ view_parse ] --END-- [ RunTime:0.029268s ]
INFO: [ view_filter ] --START--
INFO: Run Behavior\WriteHtmlCacheBehavior [ RunTime:0.000579s ]
INFO: [ view_filter ] --END-- [ RunTime:0.001256s ]
INFO: [ app_end ] --START--
INFO: Run Behavior\ShowPageTraceBehavior [ RunTime:0.000808s ]
INFO: [ app_end ] --END-- [ RunTime:0.001505s ]

[ 2017-04-28T15:07:22+08:00 ] 127.0.0.1 /Public/Home/css/jquery-1.11.2.min.js
INFO: [ app_init ] --START--
INFO: Run Behavior\BuildLiteBehavior [ RunTime:0.000261s ]
INFO: Run Common\Behavior\InitHookBehavior [ RunTime:0.003091s ]
INFO: [ app_init ] --END-- [ RunTime:0.004694s ]
INFO: [ app_begin ] --START--
INFO: Run Behavior\ReadHtmlCacheBehavior [ RunTime:0.000993s ]
INFO: [ app_begin ] --END-- [ RunTime:0.001695s ]
SQL: SHOW COLUMNS FROM `onethink_config` [ RunTime:0.0086s ]
SQL: SELECT `type`,`name`,`value` FROM `onethink_config` WHERE `status` = 1  [ RunTime:0.0006s ]

[ 2017-04-28T15:07:22+08:00 ] 127.0.0.1 /index.php?s=/Index/index.html
INFO: [ app_init ] --START--
INFO: Run Behavior\BuildLiteBehavior [ RunTime:0.000117s ]
INFO: Run Common\Behavior\InitHookBehavior [ RunTime:0.003867s ]
INFO: [ app_init ] --END-- [ RunTime:0.005304s ]
INFO: [ app_begin ] --START--

[ 2017-04-28T15:07:34+08:00 ] 127.0.0.1 /index.php?s=/index/activity.html
INFO: [ app_init ] --START--
INFO: Run Behavior\BuildLiteBehavior [ RunTime:0.000135s ]
INFO: Run Common\Behavior\InitHookBehavior [ RunTime:0.003486s ]
INFO: [ app_init ] --END-- [ RunTime:0.005024s ]
INFO: [ app_begin ] --START--
INFO: Run Behavior\ReadHtmlCacheBehavior [ RunTime:0.000887s ]
INFO: [ app_begin ] --END-- [ RunTime:0.001437s ]
SQL: SHOW COLUMNS FROM `onethink_config` [ RunTime:0.0101s ]
SQL: SELECT `type`,`name`,`value` FROM `onethink_config` WHERE `status` = 1  [ RunTime:0.0006s ]
SQL: SHOW COLUMNS FROM `onethink_document` [ RunTime:0.0072s ]
SQL: SELECT * FROM `onethink_document` WHERE `category_id` = 42 AND `status` = 1  [ RunTime:0.0007s ]
INFO: [ view_parse ] --START--
INFO: [ template_filter ] --START--
INFO: Run Behavior\ContentReplaceBehavior [ RunTime:0.000447s ]
INFO: [ template_filter ] --END-- [ RunTime:0.001174s ]
SQL: SHOW COLUMNS FROM `onethink_picture` [ RunTime:0.0071s ]
SQL: SELECT * FROM `onethink_picture` WHERE `status` = 1 AND `id` = 3 LIMIT 1   [ RunTime:0.0005s ]
INFO: Run Behavior\ParseTemplateBehavior [ RunTime:0.040437s ]
INFO: [ view_parse ] --END-- [ RunTime:0.041083s ]
INFO: [ view_filter ] --START--
INFO: Run Behavior\WriteHtmlCacheBehavior [ RunTime:0.000595s ]
INFO: [ view_filter ] --END-- [ RunTime:0.001152s ]
INFO: [ app_end ] --START--
INFO: Run Behavior\ShowPageTraceBehavior [ RunTime:0.000823s ]
INFO: [ app_end ] --END-- [ RunTime:0.001386s ]

[ 2017-04-28T15:07:34+08:00 ] 127.0.0.1 /Public/Home/css/jquery-1.11.2.min.js
INFO: [ app_init ] --START--
INFO: Run Behavior\BuildLiteBehavior [ RunTime:0.000144s ]
INFO: Run Common\Behavior\InitHookBehavior [ RunTime:0.004149s ]
INFO: [ app_init ] --END-- [ RunTime:0.005702s ]
INFO: [ app_begin ] --START--
INFO: Run Behavior\ReadHtmlCacheBehavior [ RunTime:0.000957s ]
INFO: [ app_begin ] --END-- [ RunTime:0.001579s ]
SQL: SHOW COLUMNS FROM `onethink_config` [ RunTime:0.0059s ]
SQL: SELECT `type`,`name`,`value` FROM `onethink_config` WHERE `status` = 1  [ RunTime:0.0010s ]

[ 2017-04-28T15:07:34+08:00 ] 127.0.0.1 /index.php?s=/Index/index.html
INFO: [ app_init ] --START--
INFO: Run Behavior\BuildLiteBehavior [ RunTime:0.000164s ]
INFO: Run Common\Behavior\InitHookBehavior [ RunTime:0.002732s ]
INFO: [ app_init ] --END-- [ RunTime:0.004166s ]
INFO: [ app_begin ] --START--

[ 2017-04-28T15:08:01+08:00 ] 127.0.0.1 /index.html
INFO: [ app_init ] --START--
INFO: Run Behavior\BuildLiteBehavior [ RunTime:0.000119s ]
INFO: Run Common\Behavior\InitHookBehavior [ RunTime:0.003024s ]
INFO: [ app_init ] --END-- [ RunTime:0.004472s ]
INFO: [ app_begin ] --START--

[ 2017-04-28T15:08:01+08:00 ] 127.0.0.1 /Public/Home/css/jquery-1.11.2.min.js
INFO: [ app_init ] --START--
INFO: Run Behavior\BuildLiteBehavior [ RunTime:0.000187s ]
INFO: Run Common\Behavior\InitHookBehavior [ RunTime:0.003085s ]
INFO: [ app_init ] --END-- [ RunTime:0.004622s ]
INFO: [ app_begin ] --START--
INFO: Run Behavior\ReadHtmlCacheBehavior [ RunTime:0.000905s ]
INFO: [ app_begin ] --END-- [ RunTime:0.001615s ]
SQL: SHOW COLUMNS FROM `onethink_config` [ RunTime:0.0115s ]
SQL: SELECT `type`,`name`,`value` FROM `onethink_config` WHERE `status` = 1  [ RunTime:0.0007s ]

[ 2017-04-28T15:08:01+08:00 ] 127.0.0.1 /index.php?s=/Index/index.html
INFO: [ app_init ] --START--
INFO: Run Behavior\BuildLiteBehavior [ RunTime:0.000177s ]
INFO: Run Common\Behavior\InitHookBehavior [ RunTime:0.002734s ]
INFO: [ app_init ] --END-- [ RunTime:0.004536s ]
INFO: [ app_begin ] --START--

[ 2017-04-28T16:00:14+08:00 ] 127.0.0.1 /index.php?s=/index/notice.html
INFO: [ app_init ] --START--
INFO: Run Behavior\BuildLiteBehavior [ RunTime:0.000111s ]
INFO: Run Common\Behavior\InitHookBehavior [ RunTime:0.003940s ]
INFO: [ app_init ] --END-- [ RunTime:0.005390s ]
INFO: [ app_begin ] --START--
INFO: Run Behavior\ReadHtmlCacheBehavior [ RunTime:0.001145s ]
INFO: [ app_begin ] --END-- [ RunTime:0.001907s ]
SQL: SHOW COLUMNS FROM `onethink_config` [ RunTime:0.0269s ]
SQL: SELECT `type`,`name`,`value` FROM `onethink_config` WHERE `status` = 1  [ RunTime:0.0006s ]
SQL: SHOW COLUMNS FROM `onethink_document` [ RunTime:0.0143s ]
SQL: SELECT * FROM `onethink_document` WHERE `category_id` = 40 AND `status` = 1  [ RunTime:0.0007s ]
INFO: [ view_parse ] --START--
INFO: [ template_filter ] --START--
INFO: Run Behavior\ContentReplaceBehavior [ RunTime:0.000376s ]
INFO: [ template_filter ] --END-- [ RunTime:0.000997s ]
SQL: SHOW COLUMNS FROM `onethink_picture` [ RunTime:0.0071s ]
SQL: SELECT * FROM `onethink_picture` WHERE `status` = 1 AND `id` = 2 LIMIT 1   [ RunTime:0.0004s ]
INFO: Run Behavior\ParseTemplateBehavior [ RunTime:0.064146s ]
INFO: [ view_parse ] --END-- [ RunTime:0.064929s ]
INFO: [ view_filter ] --START--
INFO: Run Behavior\WriteHtmlCacheBehavior [ RunTime:0.000699s ]
INFO: [ view_filter ] --END-- [ RunTime:0.001485s ]
INFO: [ app_end ] --START--
INFO: Run Behavior\ShowPageTraceBehavior [ RunTime:0.000892s ]
INFO: [ app_end ] --END-- [ RunTime:0.001604s ]

[ 2017-04-28T16:00:14+08:00 ] 127.0.0.1 /Public/Home/css/jquery-1.11.2.min.js
INFO: [ app_init ] --START--
INFO: Run Behavior\BuildLiteBehavior [ RunTime:0.000151s ]
INFO: Run Common\Behavior\InitHookBehavior [ RunTime:0.002910s ]
INFO: [ app_init ] --END-- [ RunTime:0.004315s ]
INFO: [ app_begin ] --START--
INFO: Run Behavior\ReadHtmlCacheBehavior [ RunTime:0.001049s ]
INFO: [ app_begin ] --END-- [ RunTime:0.001694s ]
SQL: SHOW COLUMNS FROM `onethink_config` [ RunTime:0.0107s ]
SQL: SELECT `type`,`name`,`value` FROM `onethink_config` WHERE `status` = 1  [ RunTime:0.0007s ]

[ 2017-04-28T16:00:14+08:00 ] 127.0.0.1 /index.php?s=/Index/index.html
INFO: [ app_init ] --START--
INFO: Run Behavior\BuildLiteBehavior [ RunTime:0.000117s ]
INFO: Run Common\Behavior\InitHookBehavior [ RunTime:0.002808s ]
INFO: [ app_init ] --END-- [ RunTime:0.004180s ]
INFO: [ app_begin ] --START--

[ 2017-04-28T16:00:18+08:00 ] 127.0.0.1 /index.php?s=/index/activity.html
INFO: [ app_init ] --START--
INFO: Run Behavior\BuildLiteBehavior [ RunTime:0.000230s ]
INFO: Run Common\Behavior\InitHookBehavior [ RunTime:0.003553s ]
INFO: [ app_init ] --END-- [ RunTime:0.005937s ]
INFO: [ app_begin ] --START--
INFO: Run Behavior\ReadHtmlCacheBehavior [ RunTime:0.000750s ]
INFO: [ app_begin ] --END-- [ RunTime:0.001454s ]
SQL: SHOW COLUMNS FROM `onethink_config` [ RunTime:0.0120s ]
SQL: SELECT `type`,`name`,`value` FROM `onethink_config` WHERE `status` = 1  [ RunTime:0.0005s ]
SQL: SHOW COLUMNS FROM `onethink_document` [ RunTime:0.0074s ]
SQL: SELECT * FROM `onethink_document` WHERE `category_id` = 42 AND `status` = 1  [ RunTime:0.0005s ]
INFO: [ view_parse ] --START--
INFO: [ template_filter ] --START--
INFO: Run Behavior\ContentReplaceBehavior [ RunTime:0.000330s ]
INFO: [ template_filter ] --END-- [ RunTime:0.001139s ]
SQL: SHOW COLUMNS FROM `onethink_picture` [ RunTime:0.0072s ]
SQL: SELECT * FROM `onethink_picture` WHERE `status` = 1 AND `id` = 3 LIMIT 1   [ RunTime:0.0006s ]
INFO: Run Behavior\ParseTemplateBehavior [ RunTime:0.046471s ]
INFO: [ view_parse ] --END-- [ RunTime:0.047075s ]
INFO: [ view_filter ] --START--
INFO: Run Behavior\WriteHtmlCacheBehavior [ RunTime:0.000684s ]
INFO: [ view_filter ] --END-- [ RunTime:0.001311s ]
INFO: [ app_end ] --START--
INFO: Run Behavior\ShowPageTraceBehavior [ RunTime:0.000709s ]
INFO: [ app_end ] --END-- [ RunTime:0.001447s ]

[ 2017-04-28T16:00:18+08:00 ] 127.0.0.1 /Public/Home/css/jquery-1.11.2.min.js
INFO: [ app_init ] --START--
INFO: Run Behavior\BuildLiteBehavior [ RunTime:0.000133s ]
INFO: Run Common\Behavior\InitHookBehavior [ RunTime:0.004113s ]
INFO: [ app_init ] --END-- [ RunTime:0.005792s ]
INFO: [ app_begin ] --START--
INFO: Run Behavior\ReadHtmlCacheBehavior [ RunTime:0.001295s ]
INFO: [ app_begin ] --END-- [ RunTime:0.001995s ]
SQL: SHOW COLUMNS FROM `onethink_config` [ RunTime:0.0044s ]
SQL: SELECT `type`,`name`,`value` FROM `onethink_config` WHERE `status` = 1  [ RunTime:0.0006s ]

[ 2017-04-28T16:00:18+08:00 ] 127.0.0.1 /index.php?s=/Index/index.html
INFO: [ app_init ] --START--
INFO: Run Behavior\BuildLiteBehavior [ RunTime:0.000125s ]
INFO: Run Common\Behavior\InitHookBehavior [ RunTime:0.003594s ]
INFO: [ app_init ] --END-- [ RunTime:0.005157s ]
INFO: [ app_begin ] --START--

[ 2017-04-28T16:00:20+08:00 ] 127.0.0.1 /Public/Home/css/jquery-1.11.2.min.js
INFO: [ app_init ] --START--
INFO: Run Behavior\BuildLiteBehavior [ RunTime:0.000145s ]
INFO: Run Common\Behavior\InitHookBehavior [ RunTime:0.003625s ]
INFO: [ app_init ] --END-- [ RunTime:0.005324s ]
INFO: [ app_begin ] --START--
INFO: Run Behavior\ReadHtmlCacheBehavior [ RunTime:0.000964s ]
INFO: [ app_begin ] --END-- [ RunTime:0.001640s ]
SQL: SHOW COLUMNS FROM `onethink_config` [ RunTime:0.0264s ]
SQL: SELECT `type`,`name`,`value` FROM `onethink_config` WHERE `status` = 1  [ RunTime:0.0007s ]

[ 2017-04-28T16:00:38+08:00 ] 127.0.0.1 /index.php?s=/index/re.html
INFO: [ app_init ] --START--
INFO: Run Behavior\BuildLiteBehavior [ RunTime:0.000146s ]
INFO: Run Common\Behavior\InitHookBehavior [ RunTime:0.003338s ]
INFO: [ app_init ] --END-- [ RunTime:0.004877s ]
INFO: [ app_begin ] --START--
INFO: Run Behavior\ReadHtmlCacheBehavior [ RunTime:0.000938s ]
INFO: [ app_begin ] --END-- [ RunTime:0.001566s ]
SQL: SHOW COLUMNS FROM `onethink_config` [ RunTime:0.0132s ]
SQL: SELECT `type`,`name`,`value` FROM `onethink_config` WHERE `status` = 1  [ RunTime:0.0005s ]
SQL: SHOW COLUMNS FROM `onethink_document` [ RunTime:0.0096s ]
SQL: SELECT * FROM `onethink_document` WHERE `category_id` = 44 AND `status` = 1  [ RunTime:0.0005s ]
INFO: [ view_parse ] --START--
INFO: [ template_filter ] --START--
INFO: Run Behavior\ContentReplaceBehavior [ RunTime:0.000394s ]
INFO: [ template_filter ] --END-- [ RunTime:0.001127s ]
INFO: Run Behavior\ParseTemplateBehavior [ RunTime:0.030932s ]
INFO: [ view_parse ] --END-- [ RunTime:0.031830s ]
INFO: [ view_filter ] --START--
INFO: Run Behavior\WriteHtmlCacheBehavior [ RunTime:0.001034s ]
INFO: [ view_filter ] --END-- [ RunTime:0.002149s ]
INFO: [ app_end ] --START--
INFO: Run Behavior\ShowPageTraceBehavior [ RunTime:0.000835s ]
INFO: [ app_end ] --END-- [ RunTime:0.001471s ]

[ 2017-04-28T16:00:39+08:00 ] 127.0.0.1 /Public/Home/css/jquery-1.11.2.min.js
INFO: [ app_init ] --START--
INFO: Run Behavior\BuildLiteBehavior [ RunTime:0.000132s ]
INFO: Run Common\Behavior\InitHookBehavior [ RunTime:0.003307s ]
INFO: [ app_init ] --END-- [ RunTime:0.005041s ]
INFO: [ app_begin ] --START--
INFO: Run Behavior\ReadHtmlCacheBehavior [ RunTime:0.001204s ]
INFO: [ app_begin ] --END-- [ RunTime:0.001956s ]
SQL: SHOW COLUMNS FROM `onethink_config` [ RunTime:0.0167s ]
SQL: SELECT `type`,`name`,`value` FROM `onethink_config` WHERE `status` = 1  [ RunTime:0.0007s ]

[ 2017-04-28T16:00:39+08:00 ] 127.0.0.1 /index.php?s=/Index/index.html
INFO: [ app_init ] --START--
INFO: Run Behavior\BuildLiteBehavior [ RunTime:0.000170s ]
INFO: Run Common\Behavior\InitHookBehavior [ RunTime:0.003512s ]
INFO: [ app_init ] --END-- [ RunTime:0.005503s ]
INFO: [ app_begin ] --START--

[ 2017-04-28T16:00:46+08:00 ] 127.0.0.1 /index.php?s=/index/activity.html
INFO: [ app_init ] --START--
INFO: Run Behavior\BuildLiteBehavior [ RunTime:0.000695s ]
INFO: Run Common\Behavior\InitHookBehavior [ RunTime:0.004830s ]
INFO: [ app_init ] --END-- [ RunTime:0.008128s ]
INFO: [ app_begin ] --START--
INFO: Run Behavior\ReadHtmlCacheBehavior [ RunTime:0.001485s ]
INFO: [ app_begin ] --END-- [ RunTime:0.003029s ]
SQL: SHOW COLUMNS FROM `onethink_config` [ RunTime:0.0245s ]
SQL: SELECT `type`,`name`,`value` FROM `onethink_config` WHERE `status` = 1  [ RunTime:0.0007s ]
SQL: SHOW COLUMNS FROM `onethink_document` [ RunTime:0.0065s ]
SQL: SELECT * FROM `onethink_document` WHERE `category_id` = 42 AND `status` = 1  [ RunTime:0.0005s ]
INFO: [ view_parse ] --START--
INFO: [ template_filter ] --START--
INFO: Run Behavior\ContentReplaceBehavior [ RunTime:0.000350s ]
INFO: [ template_filter ] --END-- [ RunTime:0.001010s ]
SQL: SHOW COLUMNS FROM `onethink_picture` [ RunTime:0.0116s ]
SQL: SELECT * FROM `onethink_picture` WHERE `status` = 1 AND `id` = 3 LIMIT 1   [ RunTime:0.0005s ]
INFO: Run Behavior\ParseTemplateBehavior [ RunTime:0.046203s ]
INFO: [ view_parse ] --END-- [ RunTime:0.046873s ]
INFO: [ view_filter ] --START--
INFO: Run Behavior\WriteHtmlCacheBehavior [ RunTime:0.000608s ]
INFO: [ view_filter ] --END-- [ RunTime:0.001187s ]
INFO: [ app_end ] --START--
INFO: Run Behavior\ShowPageTraceBehavior [ RunTime:0.000711s ]
INFO: [ app_end ] --END-- [ RunTime:0.001293s ]

[ 2017-04-28T16:00:46+08:00 ] 127.0.0.1 /Public/Home/css/jquery-1.11.2.min.js
INFO: [ app_init ] --START--
INFO: Run Behavior\BuildLiteBehavior [ RunTime:0.000116s ]
INFO: Run Common\Behavior\InitHookBehavior [ RunTime:0.002954s ]
INFO: [ app_init ] --END-- [ RunTime:0.004493s ]
INFO: [ app_begin ] --START--
INFO: Run Behavior\ReadHtmlCacheBehavior [ RunTime:0.001056s ]
INFO: [ app_begin ] --END-- [ RunTime:0.001841s ]
SQL: SHOW COLUMNS FROM `onethink_config` [ RunTime:0.0068s ]
SQL: SELECT `type`,`name`,`value` FROM `onethink_config` WHERE `status` = 1  [ RunTime:0.0008s ]

[ 2017-04-28T16:00:46+08:00 ] 127.0.0.1 /index.php?s=/Index/index.html
INFO: [ app_init ] --START--
INFO: Run Behavior\BuildLiteBehavior [ RunTime:0.000122s ]
INFO: Run Common\Behavior\InitHookBehavior [ RunTime:0.002782s ]
INFO: [ app_init ] --END-- [ RunTime:0.004313s ]
INFO: [ app_begin ] --START--

[ 2017-04-28T16:00:47+08:00 ] 127.0.0.1 /Public/Home/css/jquery-1.11.2.min.js
INFO: [ app_init ] --START--
INFO: Run Behavior\BuildLiteBehavior [ RunTime:0.000138s ]
INFO: Run Common\Behavior\InitHookBehavior [ RunTime:0.003261s ]
INFO: [ app_init ] --END-- [ RunTime:0.004816s ]
INFO: [ app_begin ] --START--
INFO: Run Behavior\ReadHtmlCacheBehavior [ RunTime:0.002474s ]
INFO: [ app_begin ] --END-- [ RunTime:0.005568s ]
SQL: SHOW COLUMNS FROM `onethink_config` [ RunTime:0.0218s ]
SQL: SELECT `type`,`name`,`value` FROM `onethink_config` WHERE `status` = 1  [ RunTime:0.0006s ]

[ 2017-04-28T16:00:48+08:00 ] 127.0.0.1 /zushou.html
INFO: [ app_init ] --START--
INFO: Run Behavior\BuildLiteBehavior [ RunTime:0.000155s ]
INFO: Run Common\Behavior\InitHookBehavior [ RunTime:0.003831s ]
INFO: [ app_init ] --END-- [ RunTime:0.005673s ]
INFO: [ app_begin ] --START--
INFO: Run Behavior\ReadHtmlCacheBehavior [ RunTime:0.001206s ]
INFO: [ app_begin ] --END-- [ RunTime:0.002099s ]
SQL: SHOW COLUMNS FROM `onethink_config` [ RunTime:0.0148s ]
SQL: SELECT `type`,`name`,`value` FROM `onethink_config` WHERE `status` = 1  [ RunTime:0.0007s ]

[ 2017-04-28T16:00:48+08:00 ] 127.0.0.1 /index.php?s=/Index/index.html
INFO: [ app_init ] --START--
INFO: Run Behavior\BuildLiteBehavior [ RunTime:0.000152s ]
INFO: Run Common\Behavior\InitHookBehavior [ RunTime:0.002893s ]
INFO: [ app_init ] --END-- [ RunTime:0.004488s ]
INFO: [ app_begin ] --START--

[ 2017-04-28T16:00:48+08:00 ] 127.0.0.1 /Public/Home/css/jquery-1.11.2.min.js
INFO: [ app_init ] --START--
INFO: Run Behavior\BuildLiteBehavior [ RunTime:0.000127s ]
INFO: Run Common\Behavior\InitHookBehavior [ RunTime:0.005047s ]
INFO: [ app_init ] --END-- [ RunTime:0.006681s ]
INFO: [ app_begin ] --START--
INFO: Run Behavior\ReadHtmlCacheBehavior [ RunTime:0.000952s ]
INFO: [ app_begin ] --END-- [ RunTime:0.001605s ]
SQL: SHOW COLUMNS FROM `onethink_config` [ RunTime:0.0145s ]
SQL: SELECT `type`,`name`,`value` FROM `onethink_config` WHERE `status` = 1  [ RunTime:0.0005s ]

[ 2017-04-28T16:00:48+08:00 ] 127.0.0.1 /index.php?s=/Index/index.html
INFO: [ app_init ] --START--
INFO: Run Behavior\BuildLiteBehavior [ RunTime:0.000132s ]
INFO: Run Common\Behavior\InitHookBehavior [ RunTime:0.002787s ]
INFO: [ app_init ] --END-- [ RunTime:0.004210s ]
INFO: [ app_begin ] --START--

